{"F:\\FCI\\FCI 3\\E-commerce\\backend\\app.js": {"path":"F:\\FCI\\FCI 3\\E-commerce\\backend\\app.js","statementMap":{"0":{"start":{"line":1,"column":16},"end":{"line":1,"column":34}},"1":{"start":{"line":2,"column":17},"end":{"line":2,"column":36}},"2":{"start":{"line":3,"column":0},"end":{"line":3,"column":27}},"3":{"start":{"line":5,"column":19},"end":{"line":5,"column":49}},"4":{"start":{"line":6,"column":22},"end":{"line":6,"column":55}},"5":{"start":{"line":7,"column":13},"end":{"line":7,"column":28}},"6":{"start":{"line":8,"column":12},"end":{"line":8,"column":21}},"7":{"start":{"line":10,"column":0},"end":{"line":10,"column":16}},"8":{"start":{"line":11,"column":0},"end":{"line":11,"column":24}},"9":{"start":{"line":14,"column":0},"end":{"line":14,"column":28}},"10":{"start":{"line":15,"column":0},"end":{"line":15,"column":40}},"11":{"start":{"line":17,"column":0},"end":{"line":17,"column":21}}},"fnMap":{},"branchMap":{},"s":{"0":4,"1":4,"2":4,"3":4,"4":4,"5":4,"6":4,"7":4,"8":4,"9":4,"10":4,"11":4},"f":{},"b":{},"_coverageSchema":"1a1c01bbd47fc00a2c39e90264f33305004495a9","hash":"d01d4dd892e87c70cb59216d97851f71f840c2ed"}
,"F:\\FCI\\FCI 3\\E-commerce\\backend\\controllers\\productController.js": {"path":"F:\\FCI\\FCI 3\\E-commerce\\backend\\controllers\\productController.js","statementMap":{"0":{"start":{"line":1,"column":16},"end":{"line":1,"column":49}},"1":{"start":{"line":3,"column":22},"end":{"line":14,"column":1}},"2":{"start":{"line":4,"column":2},"end":{"line":13,"column":3}},"3":{"start":{"line":5,"column":4},"end":{"line":7,"column":5}},"4":{"start":{"line":6,"column":6},"end":{"line":6,"column":85}},"5":{"start":{"line":8,"column":20},"end":{"line":8,"column":41}},"6":{"start":{"line":9,"column":18},"end":{"line":9,"column":38}},"7":{"start":{"line":10,"column":4},"end":{"line":10,"column":32}},"8":{"start":{"line":12,"column":4},"end":{"line":12,"column":51}},"9":{"start":{"line":33,"column":22},"end":{"line":40,"column":1}},"10":{"start":{"line":34,"column":2},"end":{"line":39,"column":3}},"11":{"start":{"line":35,"column":21},"end":{"line":35,"column":41}},"12":{"start":{"line":36,"column":4},"end":{"line":36,"column":23}},"13":{"start":{"line":38,"column":4},"end":{"line":38,"column":51}},"14":{"start":{"line":42,"column":23},"end":{"line":49,"column":1}},"15":{"start":{"line":43,"column":2},"end":{"line":48,"column":3}},"16":{"start":{"line":44,"column":20},"end":{"line":44,"column":57}},"17":{"start":{"line":45,"column":4},"end":{"line":45,"column":22}},"18":{"start":{"line":47,"column":4},"end":{"line":47,"column":59}},"19":{"start":{"line":51,"column":22},"end":{"line":60,"column":1}},"20":{"start":{"line":52,"column":2},"end":{"line":59,"column":3}},"21":{"start":{"line":53,"column":20},"end":{"line":55,"column":6}},"22":{"start":{"line":56,"column":4},"end":{"line":56,"column":22}},"23":{"start":{"line":58,"column":4},"end":{"line":58,"column":51}},"24":{"start":{"line":62,"column":22},"end":{"line":69,"column":3}},"25":{"start":{"line":63,"column":4},"end":{"line":68,"column":5}},"26":{"start":{"line":64,"column":6},"end":{"line":64,"column":53}},"27":{"start":{"line":65,"column":6},"end":{"line":65,"column":47}},"28":{"start":{"line":67,"column":6},"end":{"line":67,"column":61}},"29":{"start":{"line":71,"column":2},"end":{"line":78,"column":4}}},"fnMap":{"0":{"name":"(anonymous_0)","decl":{"start":{"line":3,"column":22},"end":{"line":3,"column":23}},"loc":{"start":{"line":3,"column":42},"end":{"line":14,"column":1}},"line":3},"1":{"name":"(anonymous_1)","decl":{"start":{"line":33,"column":22},"end":{"line":33,"column":23}},"loc":{"start":{"line":33,"column":42},"end":{"line":40,"column":1}},"line":33},"2":{"name":"(anonymous_2)","decl":{"start":{"line":42,"column":23},"end":{"line":42,"column":24}},"loc":{"start":{"line":42,"column":43},"end":{"line":49,"column":1}},"line":42},"3":{"name":"(anonymous_3)","decl":{"start":{"line":51,"column":22},"end":{"line":51,"column":23}},"loc":{"start":{"line":51,"column":42},"end":{"line":60,"column":1}},"line":51},"4":{"name":"(anonymous_4)","decl":{"start":{"line":62,"column":22},"end":{"line":62,"column":23}},"loc":{"start":{"line":62,"column":42},"end":{"line":69,"column":3}},"line":62}},"branchMap":{"0":{"loc":{"start":{"line":5,"column":4},"end":{"line":7,"column":5}},"type":"if","locations":[{"start":{"line":5,"column":4},"end":{"line":7,"column":5}},{"start":{},"end":{}}],"line":5}},"s":{"0":5,"1":5,"2":1,"3":1,"4":1,"5":1,"6":1,"7":1,"8":0,"9":5,"10":1,"11":1,"12":1,"13":0,"14":5,"15":1,"16":1,"17":1,"18":0,"19":5,"20":1,"21":1,"22":1,"23":0,"24":5,"25":1,"26":1,"27":1,"28":0,"29":5},"f":{"0":1,"1":1,"2":1,"3":1,"4":1},"b":{"0":[1,0]},"_coverageSchema":"1a1c01bbd47fc00a2c39e90264f33305004495a9","hash":"3a68d0fb91feee50553ffa189908b94b15ed2706"}
,"F:\\FCI\\FCI 3\\E-commerce\\backend\\controllers\\userController.js": {"path":"F:\\FCI\\FCI 3\\E-commerce\\backend\\controllers\\userController.js","statementMap":{"0":{"start":{"line":1,"column":15},"end":{"line":1,"column":34}},"1":{"start":{"line":2,"column":13},"end":{"line":2,"column":38}},"2":{"start":{"line":5,"column":15},"end":{"line":34,"column":1}},"3":{"start":{"line":6,"column":86},"end":{"line":6,"column":94}},"4":{"start":{"line":8,"column":4},"end":{"line":10,"column":5}},"5":{"start":{"line":9,"column":8},"end":{"line":9,"column":75}},"6":{"start":{"line":12,"column":4},"end":{"line":33,"column":5}},"7":{"start":{"line":13,"column":29},"end":{"line":13,"column":58}},"8":{"start":{"line":14,"column":8},"end":{"line":16,"column":9}},"9":{"start":{"line":15,"column":12},"end":{"line":15,"column":76}},"10":{"start":{"line":18,"column":31},"end":{"line":18,"column":62}},"11":{"start":{"line":20,"column":24},"end":{"line":27,"column":10}},"12":{"start":{"line":29,"column":8},"end":{"line":29,"column":29}},"13":{"start":{"line":30,"column":8},"end":{"line":30,"column":74}},"14":{"start":{"line":32,"column":8},"end":{"line":32,"column":57}},"15":{"start":{"line":36,"column":14},"end":{"line":54,"column":1}},"16":{"start":{"line":37,"column":32},"end":{"line":37,"column":40}},"17":{"start":{"line":39,"column":4},"end":{"line":53,"column":5}},"18":{"start":{"line":40,"column":21},"end":{"line":40,"column":50}},"19":{"start":{"line":41,"column":8},"end":{"line":43,"column":9}},"20":{"start":{"line":42,"column":12},"end":{"line":42,"column":76}},"21":{"start":{"line":45,"column":24},"end":{"line":45,"column":69}},"22":{"start":{"line":46,"column":8},"end":{"line":48,"column":9}},"23":{"start":{"line":47,"column":12},"end":{"line":47,"column":76}},"24":{"start":{"line":50,"column":8},"end":{"line":50,"column":68}},"25":{"start":{"line":52,"column":8},"end":{"line":52,"column":57}},"26":{"start":{"line":56,"column":0},"end":{"line":59,"column":2}}},"fnMap":{"0":{"name":"(anonymous_0)","decl":{"start":{"line":5,"column":15},"end":{"line":5,"column":16}},"loc":{"start":{"line":5,"column":35},"end":{"line":34,"column":1}},"line":5},"1":{"name":"(anonymous_1)","decl":{"start":{"line":36,"column":14},"end":{"line":36,"column":15}},"loc":{"start":{"line":36,"column":34},"end":{"line":54,"column":1}},"line":36}},"branchMap":{"0":{"loc":{"start":{"line":8,"column":4},"end":{"line":10,"column":5}},"type":"if","locations":[{"start":{"line":8,"column":4},"end":{"line":10,"column":5}},{"start":{},"end":{}}],"line":8},"1":{"loc":{"start":{"line":14,"column":8},"end":{"line":16,"column":9}},"type":"if","locations":[{"start":{"line":14,"column":8},"end":{"line":16,"column":9}},{"start":{},"end":{}}],"line":14},"2":{"loc":{"start":{"line":41,"column":8},"end":{"line":43,"column":9}},"type":"if","locations":[{"start":{"line":41,"column":8},"end":{"line":43,"column":9}},{"start":{},"end":{}}],"line":41},"3":{"loc":{"start":{"line":46,"column":8},"end":{"line":48,"column":9}},"type":"if","locations":[{"start":{"line":46,"column":8},"end":{"line":48,"column":9}},{"start":{},"end":{}}],"line":46}},"s":{"0":5,"1":5,"2":5,"3":3,"4":3,"5":1,"6":2,"7":2,"8":2,"9":1,"10":1,"11":1,"12":1,"13":1,"14":0,"15":5,"16":3,"17":3,"18":3,"19":3,"20":1,"21":2,"22":2,"23":1,"24":1,"25":0,"26":5},"f":{"0":3,"1":3},"b":{"0":[1,2],"1":[1,1],"2":[1,2],"3":[1,1]},"_coverageSchema":"1a1c01bbd47fc00a2c39e90264f33305004495a9","hash":"9c719589979289aabfc426d38bda2e93e552782f"}
,"F:\\FCI\\FCI 3\\E-commerce\\backend\\middlewares\\securityMiddleware.js": {"path":"F:\\FCI\\FCI 3\\E-commerce\\backend\\middlewares\\securityMiddleware.js","statementMap":{"0":{"start":{"line":1,"column":36},"end":{"line":1,"column":64}},"1":{"start":{"line":2,"column":18},"end":{"line":2,"column":47}},"2":{"start":{"line":3,"column":15},"end":{"line":3,"column":32}},"3":{"start":{"line":6,"column":23},"end":{"line":21,"column":1}},"4":{"start":{"line":12,"column":54},"end":{"line":12,"column":81}},"5":{"start":{"line":15,"column":19},"end":{"line":15,"column":40}},"6":{"start":{"line":16,"column":4},"end":{"line":18,"column":34}},"7":{"start":{"line":16,"column":27},"end":{"line":18,"column":34}},"8":{"start":{"line":19,"column":4},"end":{"line":19,"column":11}},"9":{"start":{"line":24,"column":21},"end":{"line":33,"column":2}},"10":{"start":{"line":29,"column":4},"end":{"line":31,"column":7}},"11":{"start":{"line":36,"column":30},"end":{"line":43,"column":1}},"12":{"start":{"line":37,"column":23},"end":{"line":37,"column":31}},"13":{"start":{"line":38,"column":19},"end":{"line":38,"column":35}},"14":{"start":{"line":39,"column":2},"end":{"line":41,"column":3}},"15":{"start":{"line":40,"column":4},"end":{"line":40,"column":90}},"16":{"start":{"line":42,"column":2},"end":{"line":42,"column":9}},"17":{"start":{"line":45,"column":0},"end":{"line":49,"column":6}}},"fnMap":{"0":{"name":"(anonymous_0)","decl":{"start":{"line":12,"column":34},"end":{"line":12,"column":35}},"loc":{"start":{"line":12,"column":54},"end":{"line":12,"column":81}},"line":12},"1":{"name":"(anonymous_1)","decl":{"start":{"line":14,"column":2},"end":{"line":14,"column":3}},"loc":{"start":{"line":14,"column":22},"end":{"line":20,"column":3}},"line":14},"2":{"name":"(anonymous_2)","decl":{"start":{"line":28,"column":9},"end":{"line":28,"column":10}},"loc":{"start":{"line":28,"column":23},"end":{"line":32,"column":3}},"line":28},"3":{"name":"(anonymous_3)","decl":{"start":{"line":36,"column":30},"end":{"line":36,"column":31}},"loc":{"start":{"line":36,"column":50},"end":{"line":43,"column":1}},"line":36}},"branchMap":{"0":{"loc":{"start":{"line":16,"column":4},"end":{"line":18,"column":34}},"type":"if","locations":[{"start":{"line":16,"column":4},"end":{"line":18,"column":34}},{"start":{},"end":{}}],"line":16},"1":{"loc":{"start":{"line":39,"column":2},"end":{"line":41,"column":3}},"type":"if","locations":[{"start":{"line":39,"column":2},"end":{"line":41,"column":3}},{"start":{},"end":{}}],"line":39}},"s":{"0":4,"1":4,"2":4,"3":4,"4":0,"5":0,"6":0,"7":0,"8":0,"9":4,"10":0,"11":4,"12":0,"13":0,"14":0,"15":0,"16":0,"17":4},"f":{"0":0,"1":0,"2":0,"3":0},"b":{"0":[0,0],"1":[0,0]},"_coverageSchema":"1a1c01bbd47fc00a2c39e90264f33305004495a9","hash":"6cc1f43a85c72a64951ab8b8f35881f0aeea3adb"}
,"F:\\FCI\\FCI 3\\E-commerce\\backend\\models\\User.js": {"path":"F:\\FCI\\FCI 3\\E-commerce\\backend\\models\\User.js","statementMap":{"0":{"start":{"line":1,"column":17},"end":{"line":1,"column":36}},"1":{"start":{"line":3,"column":19},"end":{"line":30,"column":2}},"2":{"start":{"line":32,"column":0},"end":{"line":32,"column":52}}},"fnMap":{},"branchMap":{},"s":{"0":5,"1":5,"2":5},"f":{},"b":{},"_coverageSchema":"1a1c01bbd47fc00a2c39e90264f33305004495a9","hash":"12ef57a0e2565f6cbfa0f652cd7d72a873c90ce0"}
,"F:\\FCI\\FCI 3\\E-commerce\\backend\\models\\productModel.js": {"path":"F:\\FCI\\FCI 3\\E-commerce\\backend\\models\\productModel.js","statementMap":{"0":{"start":{"line":1,"column":16},"end":{"line":1,"column":35}},"1":{"start":{"line":3,"column":22},"end":{"line":11,"column":2}},"2":{"start":{"line":13,"column":1},"end":{"line":13,"column":59}}},"fnMap":{},"branchMap":{},"s":{"0":5,"1":5,"2":5},"f":{},"b":{},"_coverageSchema":"1a1c01bbd47fc00a2c39e90264f33305004495a9","hash":"f32c0dacbe8dede6eed3e06a3e4b6bb61479f6dc"}
,"F:\\FCI\\FCI 3\\E-commerce\\backend\\routes\\productRoutes.js": {"path":"F:\\FCI\\FCI 3\\E-commerce\\backend\\routes\\productRoutes.js","statementMap":{"0":{"start":{"line":2,"column":16},"end":{"line":2,"column":34}},"1":{"start":{"line":3,"column":15},"end":{"line":3,"column":31}},"2":{"start":{"line":4,"column":88},"end":{"line":4,"column":131}},"3":{"start":{"line":6,"column":0},"end":{"line":6,"column":32}},"4":{"start":{"line":7,"column":0},"end":{"line":7,"column":32}},"5":{"start":{"line":8,"column":0},"end":{"line":8,"column":34}},"6":{"start":{"line":9,"column":0},"end":{"line":9,"column":34}},"7":{"start":{"line":10,"column":0},"end":{"line":10,"column":37}},"8":{"start":{"line":12,"column":0},"end":{"line":12,"column":24}}},"fnMap":{},"branchMap":{},"s":{"0":4,"1":4,"2":4,"3":4,"4":4,"5":4,"6":4,"7":4,"8":4},"f":{},"b":{},"_coverageSchema":"1a1c01bbd47fc00a2c39e90264f33305004495a9","hash":"9a90abedbe35a98dcc7f0f750e3a8a4e69cfe01a"}
,"F:\\FCI\\FCI 3\\E-commerce\\backend\\routes\\userRoutes.js": {"path":"F:\\FCI\\FCI 3\\E-commerce\\backend\\routes\\userRoutes.js","statementMap":{"0":{"start":{"line":1,"column":16},"end":{"line":1,"column":34}},"1":{"start":{"line":2,"column":15},"end":{"line":2,"column":31}},"2":{"start":{"line":3,"column":26},"end":{"line":3,"column":66}},"3":{"start":{"line":4,"column":65},"end":{"line":4,"column":109}},"4":{"start":{"line":7,"column":0},"end":{"line":7,"column":68}},"5":{"start":{"line":8,"column":0},"end":{"line":8,"column":42}},"6":{"start":{"line":11,"column":0},"end":{"line":11,"column":24}}},"fnMap":{},"branchMap":{},"s":{"0":4,"1":4,"2":4,"3":4,"4":4,"5":4,"6":4},"f":{},"b":{},"_coverageSchema":"1a1c01bbd47fc00a2c39e90264f33305004495a9","hash":"7245647139c738b40e5c9fb81751be9cc7cf3bc5"}
}
