TN:
SF:backend\app.js
FNF:0
FNH:0
DA:1,4
DA:2,4
DA:3,4
DA:5,4
DA:6,4
DA:7,4
DA:8,4
DA:10,4
DA:11,4
DA:14,4
DA:15,4
DA:17,4
LF:12
LH:12
BRF:0
BRH:0
end_of_record
TN:
SF:backend\controllers\productController.js
FN:3,(anonymous_0)
FN:33,(anonymous_1)
FN:42,(anonymous_2)
FN:51,(anonymous_3)
FN:62,(anonymous_4)
FNF:5
FNH:5
FNDA:1,(anonymous_0)
FNDA:1,(anonymous_1)
FNDA:1,(anonymous_2)
FNDA:1,(anonymous_3)
FNDA:1,(anonymous_4)
DA:1,5
DA:3,5
DA:4,1
DA:5,1
DA:6,1
DA:8,1
DA:9,1
DA:10,1
DA:12,0
DA:33,5
DA:34,1
DA:35,1
DA:36,1
DA:38,0
DA:42,5
DA:43,1
DA:44,1
DA:45,1
DA:47,0
DA:51,5
DA:52,1
DA:53,1
DA:56,1
DA:58,0
DA:62,5
DA:63,1
DA:64,1
DA:65,1
DA:67,0
DA:71,5
LF:30
LH:25
BRDA:5,0,0,1
BRDA:5,0,1,0
BRF:2
BRH:1
end_of_record
TN:
SF:backend\controllers\userController.js
FN:5,(anonymous_0)
FN:36,(anonymous_1)
FNF:2
FNH:2
FNDA:3,(anonymous_0)
FNDA:3,(anonymous_1)
DA:1,5
DA:2,5
DA:5,5
DA:6,3
DA:8,3
DA:9,1
DA:12,2
DA:13,2
DA:14,2
DA:15,1
DA:18,1
DA:20,1
DA:29,1
DA:30,1
DA:32,0
DA:36,5
DA:37,3
DA:39,3
DA:40,3
DA:41,3
DA:42,1
DA:45,2
DA:46,2
DA:47,1
DA:50,1
DA:52,0
DA:56,5
LF:27
LH:25
BRDA:8,0,0,1
BRDA:8,0,1,2
BRDA:14,1,0,1
BRDA:14,1,1,1
BRDA:41,2,0,1
BRDA:41,2,1,2
BRDA:46,3,0,1
BRDA:46,3,1,1
BRF:8
BRH:8
end_of_record
TN:
SF:backend\middlewares\securityMiddleware.js
FN:12,(anonymous_0)
FN:14,(anonymous_1)
FN:28,(anonymous_2)
FN:36,(anonymous_3)
FNF:4
FNH:0
FNDA:0,(anonymous_0)
FNDA:0,(anonymous_1)
FNDA:0,(anonymous_2)
FNDA:0,(anonymous_3)
DA:1,4
DA:2,4
DA:3,4
DA:6,4
DA:12,0
DA:15,0
DA:16,0
DA:19,0
DA:24,4
DA:29,0
DA:36,4
DA:37,0
DA:38,0
DA:39,0
DA:40,0
DA:42,0
DA:45,4
LF:17
LH:7
BRDA:16,0,0,0
BRDA:16,0,1,0
BRDA:39,1,0,0
BRDA:39,1,1,0
BRF:4
BRH:0
end_of_record
TN:
SF:backend\models\User.js
FNF:0
FNH:0
DA:1,5
DA:3,5
DA:32,5
LF:3
LH:3
BRF:0
BRH:0
end_of_record
TN:
SF:backend\models\productModel.js
FNF:0
FNH:0
DA:1,5
DA:3,5
DA:13,5
LF:3
LH:3
BRF:0
BRH:0
end_of_record
TN:
SF:backend\routes\productRoutes.js
FNF:0
FNH:0
DA:2,4
DA:3,4
DA:4,4
DA:6,4
DA:7,4
DA:8,4
DA:9,4
DA:10,4
DA:12,4
LF:9
LH:9
BRF:0
BRH:0
end_of_record
TN:
SF:backend\routes\userRoutes.js
FNF:0
FNH:0
DA:1,4
DA:2,4
DA:3,4
DA:4,4
DA:7,4
DA:8,4
DA:11,4
LF:7
LH:7
BRF:0
BRH:0
end_of_record
